<?xml version="1.0" encoding="utf-8"?><testsuites name="pytest tests"><testsuite name="pytest" errors="0" failures="1" skipped="0" tests="30" time="57.713" timestamp="2026-06-30T18:43:51.355939+00:00" hostname="agent-env-9704aeba-663e-4b86-94f0-e32c85071af8"><testcase classname="tests.test_iteration4_llmjson.TestTryParseJson" name="test_valid_json_returns_dict" time="0.068" /><testcase classname="tests.test_iteration4_llmjson.TestTryParseJson" name="test_json_in_markdown_fences_returns_dict" time="0.000" /><testcase classname="tests.test_iteration3.TestSettings" name="test_get_settings_defaults" time="0.235" /><testcase classname="tests.test_iteration4_llmjson.TestTryParseJson" name="test_trailing_comma_is_repaired" time="0.000" /><testcase classname="tests.test_iteration4_llmjson.TestTryParseJson" name="test_non_json_raises_llmjsonerror" time="0.000" /><testcase classname="tests.test_iteration4_llmjson.TestTryParseJson" name="test_llmjsonerror_is_not_jsondecodeerror" time="0.000" /><testcase classname="tests.test_iteration5.TestSettingsShape" name="test_get_settings_has_new_fields" time="0.169" /><testcase classname="tests.test_iteration3.TestSettings" name="test_put_theme_persists" time="0.066"><failure message="AssertionError: assert 'light' == 'dark'&#10;  &#10;  - dark&#10;  + light">tests/test_iteration3.py:129: in test_put_theme_persists
    assert r.json()["theme"] == "dark"
E   AssertionError: assert 'light' == 'dark'
E     
E     - dark
E     + light</failure></testcase><testcase classname="tests.test_iteration5.TestSettingsShape" name="test_put_settings_persists_new_fields" time="0.124" /><testcase classname="tests.test_iteration3.TestSettings" name="test_put_api_keys_set_and_clear" time="0.262" /><testcase classname="tests.test_iteration5.TestSettingsShape" name="test_clear_local_endpoint" time="0.123" /><testcase classname="tests.test_iteration3.TestSettings" name="test_put_default_model_persists" time="0.314" /><testcase classname="tests.test_iteration3.TestSettings" name="test_persona_save_with_custom" time="0.132" /><testcase classname="tests.test_iteration5.TestSanity" name="test_root" time="0.149" /><testcase classname="tests.test_iteration5.TestMatrixMethod" name="test_matrix_gap_analysis" time="11.361" /><testcase classname="tests.test_iteration5.TestMatrixMethod" name="test_matrix_cache_keyed_by_method" time="0.132" /><testcase classname="tests.test_iteration5.TestLocalPlumbing" name="test_split_provider_model_routes_local" time="0.000" /><testcase classname="tests.test_iteration5.TestLocalPlumbing" name="test_summarize_with_local_returns_5xx" time="1.659" /><testcase classname="tests.test_iteration5.TestSanity" name="test_summary_has_model_and_persona" time="12.637" /><testcase classname="tests.test_iteration3.TestStructuredSummary" name="test_status_endpoint_returns_structured_summary" time="12.494" /><testcase classname="tests.test_iteration3.TestStructuredSummary" name="test_summary_endpoint_returns_sections_and_model" time="0.109" /><testcase classname="tests.test_iteration6.TestAskAttribution" name="test_openapi_schema_has_model_and_persona" time="0.013" /><testcase classname="tests.test_iteration5.TestOutputLanguage" name="test_persona_prefix_appends_language_unit" time="0.000" /><testcase classname="tests.test_iteration5.TestJsonModeHint" name="test_generate_accepts_want_json_kwarg" time="0.001" /><testcase classname="tests.test_iteration3.TestResummarize" name="test_resummarize_with_different_model" time="22.489" /><testcase classname="tests.test_iteration3.TestResummarize" name="test_resummarize_with_persona_override_no_global_change" time="11.817" /><testcase classname="tests.test_iteration4_llmjson.TestSummarize502OnBadJSON" name="test_endpoint_returns_502_when_llm_emits_non_json" time="12.820" /><testcase classname="tests.test_iteration4_llmjson.TestSummarizeHappyPath" name="test_resummarize_gemini_flash_returns_200" time="10.677" /><testcase classname="tests.test_iteration3.TestSectionEvidence" name="test_section_evidence_returns_items" time="5.183" /><testcase classname="tests.test_iteration3.TestSectionEvidence" name="test_section_evidence_empty_text_rejected" time="0.112" /></testsuite></testsuites>