<?xml version="1.0" encoding="utf-8"?><testsuites name="pytest tests"><testsuite name="pytest" errors="0" failures="1" skipped="0" tests="11" time="35.839" timestamp="2026-06-30T11:14:16.900455+00:00" hostname="agent-env-9704aeba-663e-4b86-94f0-e32c85071af8"><testcase classname="tests.test_iteration3.TestSettings" name="test_get_settings_defaults" time="0.276" /><testcase classname="tests.test_iteration3.TestSettings" name="test_put_theme_persists" time="0.185" /><testcase classname="tests.test_iteration3.TestSettings" name="test_put_api_keys_set_and_clear" time="0.140" /><testcase classname="tests.test_iteration3.TestSettings" name="test_put_default_model_persists" time="0.136" /><testcase classname="tests.test_iteration3.TestSettings" name="test_persona_save_with_custom" time="0.092" /><testcase classname="tests.test_iteration3.TestSectionEvidence" name="test_section_evidence_returns_items" time="17.694" /><testcase classname="tests.test_iteration3.TestStructuredSummary" name="test_status_endpoint_returns_structured_summary" time="15.762" /><testcase classname="tests.test_iteration3.TestStructuredSummary" name="test_summary_endpoint_returns_sections_and_model" time="0.044" /><testcase classname="tests.test_iteration3.TestResummarize" name="test_resummarize_with_different_model" time="6.140"><failure message="AssertionError: Internal Server Error&#10;assert 500 == 200&#10; +  where 500 = &lt;Response [500]&gt;.status_code">backend/tests/test_iteration3.py:184: in test_resummarize_with_different_model
    assert r.status_code == 200, r.text
E   AssertionError: Internal Server Error
E   assert 500 == 200
E    +  where 500 = &lt;Response [500]&gt;.status_code</failure></testcase><testcase classname="tests.test_iteration3.TestSectionEvidence" name="test_section_evidence_empty_text_rejected" time="0.093" /><testcase classname="tests.test_iteration3.TestResummarize" name="test_resummarize_with_persona_override_no_global_change" time="13.016" /></testsuite></testsuites>