<?xml version="1.0" encoding="utf-8"?><testsuites name="pytest tests"><testsuite name="pytest" errors="0" failures="0" skipped="0" tests="7" time="41.500" timestamp="2026-06-30T11:20:30.305810+00:00" hostname="agent-env-9704aeba-663e-4b86-94f0-e32c85071af8"><testcase classname="tests.test_iteration4_llmjson.TestTryParseJson" name="test_valid_json_returns_dict" time="0.062" /><testcase classname="tests.test_iteration4_llmjson.TestTryParseJson" name="test_json_in_markdown_fences_returns_dict" time="0.000" /><testcase classname="tests.test_iteration4_llmjson.TestTryParseJson" name="test_trailing_comma_is_repaired" time="0.000" /><testcase classname="tests.test_iteration4_llmjson.TestTryParseJson" name="test_non_json_raises_llmjsonerror" time="0.000" /><testcase classname="tests.test_iteration4_llmjson.TestTryParseJson" name="test_llmjsonerror_is_not_jsondecodeerror" time="0.000" /><testcase classname="tests.test_iteration4_llmjson.TestSummarize502OnBadJSON" name="test_endpoint_returns_502_when_llm_emits_non_json" time="25.403" /><testcase classname="tests.test_iteration4_llmjson.TestSummarizeHappyPath" name="test_resummarize_gemini_flash_returns_200" time="12.007" /></testsuite></testsuites>