<?xml version="1.0" encoding="utf-8"?><testsuites name="pytest tests"><testsuite name="pytest" errors="0" failures="0" skipped="0" tests="11" time="42.706" timestamp="2026-06-30T17:51:21.861664+00:00" hostname="agent-env-9704aeba-663e-4b86-94f0-e32c85071af8"><testcase classname="tests.test_iteration5.TestSettingsShape" name="test_get_settings_has_new_fields" time="0.390" /><testcase classname="tests.test_iteration5.TestSettingsShape" name="test_put_settings_persists_new_fields" time="0.098" /><testcase classname="tests.test_iteration5.TestSettingsShape" name="test_clear_local_endpoint" time="0.359" /><testcase classname="tests.test_iteration5.TestSanity" name="test_root" time="0.050" /><testcase classname="tests.test_iteration5.TestSanity" name="test_summary_has_model_and_persona" time="9.406" /><testcase classname="tests.test_iteration5.TestOutputLanguage" name="test_persona_prefix_appends_language_unit" time="1.473" /><testcase classname="tests.test_iteration5.TestJsonModeHint" name="test_generate_accepts_want_json_kwarg" time="0.058" /><testcase classname="tests.test_iteration5.TestMatrixMethod" name="test_matrix_gap_analysis" time="37.742" /><testcase classname="tests.test_iteration5.TestMatrixMethod" name="test_matrix_cache_keyed_by_method" time="0.080" /><testcase classname="tests.test_iteration5.TestLocalPlumbing" name="test_split_provider_model_routes_local" time="1.560" /><testcase classname="tests.test_iteration5.TestLocalPlumbing" name="test_summarize_with_local_returns_5xx" time="1.683" /></testsuite></testsuites>