<?xml version="1.0" encoding="utf-8"?><testsuites name="pytest tests"><testsuite name="pytest" errors="0" failures="0" skipped="0" tests="14" time="28.174" timestamp="2026-06-30T10:13:38.193407+00:00" hostname="agent-env-9704aeba-663e-4b86-94f0-e32c85071af8"><testcase classname="tests.test_jurnalmap_api.TestProjects" name="test_create_and_list_project" time="0.552" /><testcase classname="tests.test_jurnalmap_api.TestDocuments" name="test_upload_processes_async" time="0.451" /><testcase classname="tests.test_jurnalmap_api.TestDocuments" name="test_reject_non_pdf" time="0.107" /><testcase classname="tests.test_jurnalmap_api.TestProjects" name="test_cascade_delete_documents" time="0.225" /><testcase classname="tests.test_jurnalmap_api.TestDocuments" name="test_doc_reaches_ready" time="6.217" /><testcase classname="tests.test_jurnalmap_api.TestDocuments" name="test_serve_pdf" time="0.054" /><testcase classname="tests.test_jurnalmap_api.TestDocuments" name="test_summary_endpoint" time="0.052" /><testcase classname="tests.test_jurnalmap_api" name="test_health" time="0.048" /><testcase classname="tests.test_jurnalmap_api.TestEvidence" name="test_evidence_for_claim" time="9.596" /><testcase classname="tests.test_jurnalmap_api.TestOutliers" name="test_outliers_single_doc" time="9.336" /><testcase classname="tests.test_jurnalmap_api.TestOutliers" name="test_outliers_two_docs" time="6.197" /><testcase classname="tests.test_jurnalmap_api.TestAsk" name="test_ask_returns_answer_and_tier" time="4.763" /><testcase classname="tests.test_jurnalmap_api.TestMatrix" name="test_matrix" time="10.781" /><testcase classname="tests.test_jurnalmap_api.TestAsk" name="test_ask_empty_question_rejected" time="0.096" /></testsuite></testsuites>