<?xml version="1.0" encoding="utf-8"?><testsuites name="pytest tests"><testsuite name="pytest" errors="0" failures="0" skipped="0" tests="2" time="2.700" timestamp="2026-06-30T10:28:07.597873+00:00" hostname="agent-env-9704aeba-663e-4b86-94f0-e32c85071af8"><testcase classname="tests.test_targeted_fixes.TestFix1QAFallback" name="test_fallback_attaches_top3_low_tier_when_used_sources_missing" time="1.553" /><testcase classname="tests.test_targeted_fixes.TestFix1QAFallback" name="test_normal_path_only_returns_cited_fragments" time="0.001" /></testsuite></testsuites>